W1204 19:20:53.115000 139628338424704 torch/distributed/run.py:779] 
W1204 19:20:53.115000 139628338424704 torch/distributed/run.py:779] *****************************************
W1204 19:20:53.115000 139628338424704 torch/distributed/run.py:779] Setting OMP_NUM_THREADS environment variable for each process to be 1 in default, to avoid your system being overloaded, please further tune the variable for optimal performance in your application as needed. 
W1204 19:20:53.115000 139628338424704 torch/distributed/run.py:779] *****************************************
[rank0]: Traceback (most recent call last):
[rank0]:   File "/homes/iws/abatur/cse599o/cse599o/project/fsdp-oom-test.py", line 180, in <module>
[rank0]:     main_worker()
[rank0]:   File "/homes/iws/abatur/cse599o/cse599o/project/fsdp-oom-test.py", line 157, in main_worker
[rank0]:     max_B_none = find_max_batch_size(fsdp_model, mode='None')
[rank0]:                  ^^^^^^^^^^^^^^^^^^^^^^^^^^^^^^^^^^^^^^^^^^^^
[rank0]:   File "/homes/iws/abatur/cse599o/cse599o/project/fsdp-oom-test.py", line 108, in find_max_batch_size
[rank0]:     if not run_step_with_mode(fsdp_model, input_ids, mode=mode):
[rank0]:            ^^^^^^^^^^^^^^^^^^^^^^^^^^^^^^^^^^^^^^^^^^^^^^^^^^^^
[rank0]:   File "/homes/iws/abatur/cse599o/cse599o/project/fsdp-oom-test.py", line 49, in run_step_with_mode
[rank0]:     hidden_states = model.module.transformer.wte(input_ids)
[rank0]:                     ^^^^^^^^^^^^^^^^^^^^^^^^^^^^^^^^^^^^^^^
[rank0]:   File "/homes/iws/abatur/.venv/lib64/python3.12/site-packages/torch/nn/modules/module.py", line 1553, in _wrapped_call_impl
[rank0]:     return self._call_impl(*args, **kwargs)
[rank0]:            ^^^^^^^^^^^^^^^^^^^^^^^^^^^^^^^^
[rank0]:   File "/homes/iws/abatur/.venv/lib64/python3.12/site-packages/torch/nn/modules/module.py", line 1562, in _call_impl
[rank0]:     return forward_call(*args, **kwargs)
[rank0]:            ^^^^^^^^^^^^^^^^^^^^^^^^^^^^^
[rank0]:   File "/homes/iws/abatur/.venv/lib64/python3.12/site-packages/torch/nn/modules/sparse.py", line 164, in forward
[rank0]:     return F.embedding(
[rank0]:            ^^^^^^^^^^^^
[rank0]:   File "/homes/iws/abatur/.venv/lib64/python3.12/site-packages/torch/nn/functional.py", line 2267, in embedding
[rank0]:     return torch.embedding(weight, input, padding_idx, scale_grad_by_freq, sparse)
[rank0]:            ^^^^^^^^^^^^^^^^^^^^^^^^^^^^^^^^^^^^^^^^^^^^^^^^^^^^^^^^^^^^^^^^^^^^^^^
[rank0]: RuntimeError: Output 0 of ViewBackward0 is a view and its base or another view of its base has been modified inplace. This view is the output of a function that returns multiple views. Such functions do not allow the output views to be modified inplace. You should replace the inplace operation by an out-of-place one.
[rank0]:[W1204 19:21:08.771586565 ProcessGroupNCCL.cpp:1168] Warning: WARNING: process group has NOT been destroyed before we destruct ProcessGroupNCCL. On normal program exit, the application should call destroy_process_group to ensure that any pending NCCL operations have finished in this process. In rare cases this process can exit before this point and block the progress of another member of the process group. This constraint has always been present,  but this warning has only been added since PyTorch 2.4 (function operator())
[rank1]: Traceback (most recent call last):
[rank1]:   File "/homes/iws/abatur/cse599o/cse599o/project/fsdp-oom-test.py", line 180, in <module>
[rank1]:     main_worker()
[rank1]:   File "/homes/iws/abatur/cse599o/cse599o/project/fsdp-oom-test.py", line 157, in main_worker
[rank1]:     max_B_none = find_max_batch_size(fsdp_model, mode='None')
[rank1]:                  ^^^^^^^^^^^^^^^^^^^^^^^^^^^^^^^^^^^^^^^^^^^^
[rank1]:   File "/homes/iws/abatur/cse599o/cse599o/project/fsdp-oom-test.py", line 108, in find_max_batch_size
[rank1]:     if not run_step_with_mode(fsdp_model, input_ids, mode=mode):
[rank1]:            ^^^^^^^^^^^^^^^^^^^^^^^^^^^^^^^^^^^^^^^^^^^^^^^^^^^^
[rank1]:   File "/homes/iws/abatur/cse599o/cse599o/project/fsdp-oom-test.py", line 49, in run_step_with_mode
[rank1]:     hidden_states = model.module.transformer.wte(input_ids)
[rank1]:                     ^^^^^^^^^^^^^^^^^^^^^^^^^^^^^^^^^^^^^^^
[rank1]:   File "/homes/iws/abatur/.venv/lib64/python3.12/site-packages/torch/nn/modules/module.py", line 1553, in _wrapped_call_impl
[rank1]:     return self._call_impl(*args, **kwargs)
[rank1]:            ^^^^^^^^^^^^^^^^^^^^^^^^^^^^^^^^
[rank1]:   File "/homes/iws/abatur/.venv/lib64/python3.12/site-packages/torch/nn/modules/module.py", line 1562, in _call_impl
[rank1]:     return forward_call(*args, **kwargs)
[rank1]:            ^^^^^^^^^^^^^^^^^^^^^^^^^^^^^
[rank1]:   File "/homes/iws/abatur/.venv/lib64/python3.12/site-packages/torch/nn/modules/sparse.py", line 164, in forward
[rank1]:     return F.embedding(
[rank1]:            ^^^^^^^^^^^^
[rank1]:   File "/homes/iws/abatur/.venv/lib64/python3.12/site-packages/torch/nn/functional.py", line 2267, in embedding
[rank1]:     return torch.embedding(weight, input, padding_idx, scale_grad_by_freq, sparse)
[rank1]:            ^^^^^^^^^^^^^^^^^^^^^^^^^^^^^^^^^^^^^^^^^^^^^^^^^^^^^^^^^^^^^^^^^^^^^^^
[rank1]: RuntimeError: Output 0 of ViewBackward0 is a view and its base or another view of its base has been modified inplace. This view is the output of a function that returns multiple views. Such functions do not allow the output views to be modified inplace. You should replace the inplace operation by an out-of-place one.
[rank7]: Traceback (most recent call last):
[rank7]:   File "/homes/iws/abatur/cse599o/cse599o/project/fsdp-oom-test.py", line 180, in <module>
[rank7]:     main_worker()
[rank7]:   File "/homes/iws/abatur/cse599o/cse599o/project/fsdp-oom-test.py", line 157, in main_worker
[rank7]:     max_B_none = find_max_batch_size(fsdp_model, mode='None')
[rank7]:                  ^^^^^^^^^^^^^^^^^^^^^^^^^^^^^^^^^^^^^^^^^^^^
[rank7]:   File "/homes/iws/abatur/cse599o/cse599o/project/fsdp-oom-test.py", line 108, in find_max_batch_size
[rank7]:     if not run_step_with_mode(fsdp_model, input_ids, mode=mode):
[rank7]:            ^^^^^^^^^^^^^^^^^^^^^^^^^^^^^^^^^^^^^^^^^^^^^^^^^^^^
[rank7]:   File "/homes/iws/abatur/cse599o/cse599o/project/fsdp-oom-test.py", line 49, in run_step_with_mode
[rank7]:     hidden_states = model.module.transformer.wte(input_ids)
[rank7]:                     ^^^^^^^^^^^^^^^^^^^^^^^^^^^^^^^^^^^^^^^
[rank7]:   File "/homes/iws/abatur/.venv/lib64/python3.12/site-packages/torch/nn/modules/module.py", line 1553, in _wrapped_call_impl
[rank7]:     return self._call_impl(*args, **kwargs)
[rank7]:            ^^^^^^^^^^^^^^^^^^^^^^^^^^^^^^^^
[rank7]:   File "/homes/iws/abatur/.venv/lib64/python3.12/site-packages/torch/nn/modules/module.py", line 1562, in _call_impl
[rank7]:     return forward_call(*args, **kwargs)
[rank7]:            ^^^^^^^^^^^^^^^^^^^^^^^^^^^^^
[rank7]:   File "/homes/iws/abatur/.venv/lib64/python3.12/site-packages/torch/nn/modules/sparse.py", line 164, in forward
[rank7]:     return F.embedding(
[rank7]:            ^^^^^^^^^^^^
[rank7]:   File "/homes/iws/abatur/.venv/lib64/python3.12/site-packages/torch/nn/functional.py", line 2267, in embedding
[rank7]:     return torch.embedding(weight, input, padding_idx, scale_grad_by_freq, sparse)
[rank7]:            ^^^^^^^^^^^^^^^^^^^^^^^^^^^^^^^^^^^^^^^^^^^^^^^^^^^^^^^^^^^^^^^^^^^^^^^
[rank7]: RuntimeError: Output 0 of ViewBackward0 is a view and its base or another view of its base has been modified inplace. This view is the output of a function that returns multiple views. Such functions do not allow the output views to be modified inplace. You should replace the inplace operation by an out-of-place one.
W1204 19:21:08.534000 139628338424704 torch/distributed/elastic/multiprocessing/api.py:858] Sending process 1233171 closing signal SIGTERM
W1204 19:21:08.534000 139628338424704 torch/distributed/elastic/multiprocessing/api.py:858] Sending process 1233172 closing signal SIGTERM
W1204 19:21:08.535000 139628338424704 torch/distributed/elastic/multiprocessing/api.py:858] Sending process 1233173 closing signal SIGTERM
W1204 19:21:08.535000 139628338424704 torch/distributed/elastic/multiprocessing/api.py:858] Sending process 1233174 closing signal SIGTERM
W1204 19:21:08.535000 139628338424704 torch/distributed/elastic/multiprocessing/api.py:858] Sending process 1233175 closing signal SIGTERM
W1204 19:21:08.536000 139628338424704 torch/distributed/elastic/multiprocessing/api.py:858] Sending process 1233176 closing signal SIGTERM
W1204 19:21:08.536000 139628338424704 torch/distributed/elastic/multiprocessing/api.py:858] Sending process 1233177 closing signal SIGTERM
E1204 19:21:09.291000 139628338424704 torch/distributed/elastic/multiprocessing/api.py:833] failed (exitcode: 1) local_rank: 0 (pid: 1233170) of binary: /homes/iws/abatur/.venv/bin/python3
Traceback (most recent call last):
  File "/homes/iws/abatur/.venv/bin/torchrun", line 10, in <module>
    sys.exit(main())
             ^^^^^^
  File "/homes/iws/abatur/.venv/lib64/python3.12/site-packages/torch/distributed/elastic/multiprocessing/errors/__init__.py", line 348, in wrapper
    return f(*args, **kwargs)
           ^^^^^^^^^^^^^^^^^^
  File "/homes/iws/abatur/.venv/lib64/python3.12/site-packages/torch/distributed/run.py", line 901, in main
    run(args)
  File "/homes/iws/abatur/.venv/lib64/python3.12/site-packages/torch/distributed/run.py", line 892, in run
    elastic_launch(
  File "/homes/iws/abatur/.venv/lib64/python3.12/site-packages/torch/distributed/launcher/api.py", line 133, in __call__
    return launch_agent(self._config, self._entrypoint, list(args))
           ^^^^^^^^^^^^^^^^^^^^^^^^^^^^^^^^^^^^^^^^^^^^^^^^^^^^^^^^
  File "/homes/iws/abatur/.venv/lib64/python3.12/site-packages/torch/distributed/launcher/api.py", line 264, in launch_agent
    raise ChildFailedError(
torch.distributed.elastic.multiprocessing.errors.ChildFailedError: 
============================================================
fsdp-oom-test.py FAILED
------------------------------------------------------------
Failures:
  <NO_OTHER_FAILURES>
------------------------------------------------------------
Root Cause (first observed failure):
[0]:
  time      : 2025-12-04_19:21:08
  host      : tempura.cs.washington.edu
  rank      : 0 (local_rank: 0)
  exitcode  : 1 (pid: 1233170)
  error_file: <N/A>
  traceback : To enable traceback see: https://pytorch.org/docs/stable/elastic/errors.html
============================================================
