W1204 20:13:34.896000 140031381941120 torch/distributed/run.py:779] 
W1204 20:13:34.896000 140031381941120 torch/distributed/run.py:779] *****************************************
W1204 20:13:34.896000 140031381941120 torch/distributed/run.py:779] Setting OMP_NUM_THREADS environment variable for each process to be 1 in default, to avoid your system being overloaded, please further tune the variable for optimal performance in your application as needed. 
W1204 20:13:34.896000 140031381941120 torch/distributed/run.py:779] *****************************************
[rank0]: Traceback (most recent call last):
[rank0]:   File "/homes/iws/abatur/cse599o/cse599o/project/fsdp_train_4gpu.py", line 155, in <module>
[rank0]:     main_worker()
[rank0]:   File "/homes/iws/abatur/cse599o/cse599o/project/fsdp_train_4gpu.py", line 94, in main_worker
[rank0]:     FSDP.set_activation_checkpointing(
[rank0]:     ^^^^^^^^^^^^^^^^^^^^^^^^^^^^^^^^^
[rank0]: AttributeError: type object 'FullyShardedDataParallel' has no attribute 'set_activation_checkpointing'
[rank3]: Traceback (most recent call last):
[rank3]:   File "/homes/iws/abatur/cse599o/cse599o/project/fsdp_train_4gpu.py", line 155, in <module>
[rank3]:     main_worker()
[rank3]:   File "/homes/iws/abatur/cse599o/cse599o/project/fsdp_train_4gpu.py", line 94, in main_worker
[rank3]:     FSDP.set_activation_checkpointing(
[rank3]:     ^^^^^^^^^^^^^^^^^^^^^^^^^^^^^^^^^
[rank3]: AttributeError: type object 'FullyShardedDataParallel' has no attribute 'set_activation_checkpointing'
[rank2]: Traceback (most recent call last):
[rank2]:   File "/homes/iws/abatur/cse599o/cse599o/project/fsdp_train_4gpu.py", line 155, in <module>
[rank2]:     main_worker()
[rank2]:   File "/homes/iws/abatur/cse599o/cse599o/project/fsdp_train_4gpu.py", line 94, in main_worker
[rank2]:     FSDP.set_activation_checkpointing(
[rank2]:     ^^^^^^^^^^^^^^^^^^^^^^^^^^^^^^^^^
[rank2]: AttributeError: type object 'FullyShardedDataParallel' has no attribute 'set_activation_checkpointing'
[rank1]: Traceback (most recent call last):
[rank1]:   File "/homes/iws/abatur/cse599o/cse599o/project/fsdp_train_4gpu.py", line 155, in <module>
[rank1]:     main_worker()
[rank1]:   File "/homes/iws/abatur/cse599o/cse599o/project/fsdp_train_4gpu.py", line 94, in main_worker
[rank1]:     FSDP.set_activation_checkpointing(
[rank1]:     ^^^^^^^^^^^^^^^^^^^^^^^^^^^^^^^^^
[rank1]: AttributeError: type object 'FullyShardedDataParallel' has no attribute 'set_activation_checkpointing'
[rank0]:[W1204 20:13:56.328526498 ProcessGroupNCCL.cpp:1168] Warning: WARNING: process group has NOT been destroyed before we destruct ProcessGroupNCCL. On normal program exit, the application should call destroy_process_group to ensure that any pending NCCL operations have finished in this process. In rare cases this process can exit before this point and block the progress of another member of the process group. This constraint has always been present,  but this warning has only been added since PyTorch 2.4 (function operator())
W1204 20:13:57.044000 140031381941120 torch/distributed/elastic/multiprocessing/api.py:858] Sending process 1252700 closing signal SIGTERM
W1204 20:13:57.044000 140031381941120 torch/distributed/elastic/multiprocessing/api.py:858] Sending process 1252701 closing signal SIGTERM
W1204 20:13:57.045000 140031381941120 torch/distributed/elastic/multiprocessing/api.py:858] Sending process 1252702 closing signal SIGTERM
E1204 20:13:57.473000 140031381941120 torch/distributed/elastic/multiprocessing/api.py:833] failed (exitcode: 1) local_rank: 0 (pid: 1252699) of binary: /homes/iws/abatur/.venv/bin/python3
Traceback (most recent call last):
  File "/homes/iws/abatur/.venv/bin/torchrun", line 10, in <module>
    sys.exit(main())
             ^^^^^^
  File "/homes/iws/abatur/.venv/lib64/python3.12/site-packages/torch/distributed/elastic/multiprocessing/errors/__init__.py", line 348, in wrapper
    return f(*args, **kwargs)
           ^^^^^^^^^^^^^^^^^^
  File "/homes/iws/abatur/.venv/lib64/python3.12/site-packages/torch/distributed/run.py", line 901, in main
    run(args)
  File "/homes/iws/abatur/.venv/lib64/python3.12/site-packages/torch/distributed/run.py", line 892, in run
    elastic_launch(
  File "/homes/iws/abatur/.venv/lib64/python3.12/site-packages/torch/distributed/launcher/api.py", line 133, in __call__
    return launch_agent(self._config, self._entrypoint, list(args))
           ^^^^^^^^^^^^^^^^^^^^^^^^^^^^^^^^^^^^^^^^^^^^^^^^^^^^^^^^
  File "/homes/iws/abatur/.venv/lib64/python3.12/site-packages/torch/distributed/launcher/api.py", line 264, in launch_agent
    raise ChildFailedError(
torch.distributed.elastic.multiprocessing.errors.ChildFailedError: 
============================================================
/homes/iws/abatur/cse599o/cse599o/project/fsdp_train_4gpu.py FAILED
------------------------------------------------------------
Failures:
  <NO_OTHER_FAILURES>
------------------------------------------------------------
Root Cause (first observed failure):
[0]:
  time      : 2025-12-04_20:13:57
  host      : tempura.cs.washington.edu
  rank      : 0 (local_rank: 0)
  exitcode  : 1 (pid: 1252699)
  error_file: <N/A>
  traceback : To enable traceback see: https://pytorch.org/docs/stable/elastic/errors.html
============================================================
