==== Job started at Thu Dec  4 08:54:34 PM PST 2025 ====
Running on host: tempura.cs.washington.edu
CUDA devices: 0,5,6,7
Using Python: /homes/iws/abatur/.venv/bin/python

================================================================================
EXPERIMENT RUNNING: ADAPTIVE_CP (Threshold=50)
Distributed Setup: 4 GPUs, Local B: 3, Steps: 5
Model Size: 24 Layers, E=1024, Port: 29500
Checkpointing Decision: 12/24 Layers Checkpointed.
================================================================================

================================================================================
EXPERIMENT RUNNING: ADAPTIVE_CP (Threshold=50)
Distributed Setup: 4 GPUs, Local B: 3, Steps: 5
Model Size: 24 Layers, E=1024, Port: 29500
Checkpointing Decision: 12/24 Layers Checkpointed.
================================================================================

================================================================================
EXPERIMENT RUNNING: ADAPTIVE_CP (Threshold=50)
Distributed Setup: 4 GPUs, Local B: 3, Steps: 5
Model Size: 24 Layers, E=1024, Port: 29500
Checkpointing Decision: 12/24 Layers Checkpointed.
================================================================================
==== Job finished at Thu Dec  4 08:54:52 PM PST 2025 ====
