W1202 17:42:23.633000 139648779590528 torch/distributed/run.py:779] 
W1202 17:42:23.633000 139648779590528 torch/distributed/run.py:779] *****************************************
W1202 17:42:23.633000 139648779590528 torch/distributed/run.py:779] Setting OMP_NUM_THREADS environment variable for each process to be 1 in default, to avoid your system being overloaded, please further tune the variable for optimal performance in your application as needed. 
W1202 17:42:23.633000 139648779590528 torch/distributed/run.py:779] *****************************************
Traceback (most recent call last):
  File "/homes/iws/abatur/.venv/bin/torchrun", line 10, in <module>
    sys.exit(main())
             ^^^^^^
  File "/homes/iws/abatur/.venv/lib64/python3.12/site-packages/torch/distributed/elastic/multiprocessing/errors/__init__.py", line 348, in wrapper
    return f(*args, **kwargs)
           ^^^^^^^^^^^^^^^^^^
  File "/homes/iws/abatur/.venv/lib64/python3.12/site-packages/torch/distributed/run.py", line 901, in main
    run(args)
  File "/homes/iws/abatur/.venv/lib64/python3.12/site-packages/torch/distributed/run.py", line 892, in run
    elastic_launch(
  File "/homes/iws/abatur/.venv/lib64/python3.12/site-packages/torch/distributed/launcher/api.py", line 133, in __call__
    return launch_agent(self._config, self._entrypoint, list(args))
           ^^^^^^^^^^^^^^^^^^^^^^^^^^^^^^^^^^^^^^^^^^^^^^^^^^^^^^^^
  File "/homes/iws/abatur/.venv/lib64/python3.12/site-packages/torch/distributed/launcher/api.py", line 255, in launch_agent
    result = agent.run()
             ^^^^^^^^^^^
  File "/homes/iws/abatur/.venv/lib64/python3.12/site-packages/torch/distributed/elastic/metrics/api.py", line 124, in wrapper
    result = f(*args, **kwargs)
             ^^^^^^^^^^^^^^^^^^
  File "/homes/iws/abatur/.venv/lib64/python3.12/site-packages/torch/distributed/elastic/agent/server/api.py", line 680, in run
    result = self._invoke_run(role)
             ^^^^^^^^^^^^^^^^^^^^^^
  File "/homes/iws/abatur/.venv/lib64/python3.12/site-packages/torch/distributed/elastic/agent/server/api.py", line 829, in _invoke_run
    self._initialize_workers(self._worker_group)
  File "/homes/iws/abatur/.venv/lib64/python3.12/site-packages/torch/distributed/elastic/metrics/api.py", line 124, in wrapper
    result = f(*args, **kwargs)
             ^^^^^^^^^^^^^^^^^^
  File "/homes/iws/abatur/.venv/lib64/python3.12/site-packages/torch/distributed/elastic/agent/server/api.py", line 655, in _initialize_workers
    worker_ids = self._start_workers(worker_group)
                 ^^^^^^^^^^^^^^^^^^^^^^^^^^^^^^^^^
  File "/homes/iws/abatur/.venv/lib64/python3.12/site-packages/torch/distributed/elastic/metrics/api.py", line 124, in wrapper
    result = f(*args, **kwargs)
             ^^^^^^^^^^^^^^^^^^
  File "/homes/iws/abatur/.venv/lib64/python3.12/site-packages/torch/distributed/elastic/agent/server/local_elastic_agent.py", line 327, in _start_workers
    self._pcontext = start_processes(
                     ^^^^^^^^^^^^^^^^
  File "/homes/iws/abatur/.venv/lib64/python3.12/site-packages/torch/distributed/elastic/multiprocessing/__init__.py", line 229, in start_processes
    context.start()
  File "/homes/iws/abatur/.venv/lib64/python3.12/site-packages/torch/distributed/elastic/multiprocessing/api.py", line 457, in start
    self._start()
  File "/homes/iws/abatur/.venv/lib64/python3.12/site-packages/torch/distributed/elastic/multiprocessing/api.py", line 794, in _start
    local_rank: get_subprocess_handler(
                ^^^^^^^^^^^^^^^^^^^^^^^
  File "/homes/iws/abatur/.venv/lib64/python3.12/site-packages/torch/distributed/elastic/multiprocessing/subprocess_handler/handlers.py", line 26, in get_subprocess_handler
    return SubprocessHandler(
           ^^^^^^^^^^^^^^^^^^
  File "/homes/iws/abatur/.venv/lib64/python3.12/site-packages/torch/distributed/elastic/multiprocessing/subprocess_handler/subprocess_handler.py", line 51, in __init__
    self.proc: subprocess.Popen = self._popen(args_str, env_vars)
                                  ^^^^^^^^^^^^^^^^^^^^^^^^^^^^^^^
  File "/homes/iws/abatur/.venv/lib64/python3.12/site-packages/torch/distributed/elastic/multiprocessing/subprocess_handler/subprocess_handler.py", line 57, in _popen
    return subprocess.Popen(
           ^^^^^^^^^^^^^^^^^
  File "/usr/lib64/python3.12/subprocess.py", line 1028, in __init__
    self._execute_child(args, executable, preexec_fn, close_fds,
  File "/usr/lib64/python3.12/subprocess.py", line 1963, in _execute_child
    raise child_exception_type(errno_num, err_msg, err_filename)
FileNotFoundError: [Errno 2] No such file or directory: 'train.py'
