W1202 17:53:03.760000 140486587550592 torch/distributed/run.py:779] 
W1202 17:53:03.760000 140486587550592 torch/distributed/run.py:779] *****************************************
W1202 17:53:03.760000 140486587550592 torch/distributed/run.py:779] Setting OMP_NUM_THREADS environment variable for each process to be 1 in default, to avoid your system being overloaded, please further tune the variable for optimal performance in your application as needed. 
W1202 17:53:03.760000 140486587550592 torch/distributed/run.py:779] *****************************************
`loss_type=None` was set in the config but it is unrecognized. Using the default loss: `ForCausalLMLoss`.
`loss_type=None` was set in the config but it is unrecognized. Using the default loss: `ForCausalLMLoss`.
/homes/iws/abatur/.venv/lib64/python3.12/site-packages/torch/utils/checkpoint.py:1399: FutureWarning: `torch.cpu.amp.autocast(args...)` is deprecated. Please use `torch.amp.autocast('cpu', args...)` instead.
  with device_autocast_ctx, torch.cpu.amp.autocast(**cpu_autocast_kwargs), recompute_context:  # type: ignore[attr-defined]
[rank0]: Traceback (most recent call last):
[rank0]:   File "/homes/iws/abatur/cse599o/project/train.py", line 441, in <module>
[rank0]:     main()
[rank0]:   File "/homes/iws/abatur/cse599o/project/train.py", line 430, in main
[rank0]:     avg_time_adaptive, peak_mem_adaptive = benchmark_mode(model_adaptive, input_ids, optimizer_adaptive)
[rank0]:                                            ^^^^^^^^^^^^^^^^^^^^^^^^^^^^^^^^^^^^^^^^^^^^^^^^^^^^^^^^^^^^^
[rank0]:   File "/homes/iws/abatur/cse599o/project/train.py", line 332, in benchmark_mode
[rank0]:     _ = run_step(model, input_ids)
[rank0]:         ^^^^^^^^^^^^^^^^^^^^^^^^^^
[rank0]:   File "/homes/iws/abatur/cse599o/project/train.py", line 299, in run_step
[rank0]:     loss.backward()
[rank0]:   File "/homes/iws/abatur/.venv/lib64/python3.12/site-packages/torch/_tensor.py", line 521, in backward
[rank0]:     torch.autograd.backward(
[rank0]:   File "/homes/iws/abatur/.venv/lib64/python3.12/site-packages/torch/autograd/__init__.py", line 289, in backward
[rank0]:     _engine_run_backward(
[rank0]:   File "/homes/iws/abatur/.venv/lib64/python3.12/site-packages/torch/autograd/graph.py", line 768, in _engine_run_backward
[rank0]:     return Variable._execution_engine.run_backward(  # Calls into the C++ engine to run the backward pass
[rank0]:            ^^^^^^^^^^^^^^^^^^^^^^^^^^^^^^^^^^^^^^^^^^^^^^^^^^^^^^^^^^^^^^^^^^^^^^^^^^^^^^^^^^^^^^^^^^^^^^
[rank0]:   File "/homes/iws/abatur/.venv/lib64/python3.12/site-packages/torch/utils/checkpoint.py", line 1120, in unpack_hook
[rank0]:     frame.check_recomputed_tensors_match(gid)
[rank0]:   File "/homes/iws/abatur/.venv/lib64/python3.12/site-packages/torch/utils/checkpoint.py", line 895, in check_recomputed_tensors_match
[rank0]:     raise CheckpointError(
[rank0]: torch.utils.checkpoint.CheckpointError: torch.utils.checkpoint: Recomputed values for the following tensors have different metadata than during the forward pass.
[rank0]: tensor at position 7:
[rank0]: saved metadata: {'shape': torch.Size([2, 12, 128, 64]), 'dtype': torch.float32, 'device': device(type='cuda', index=0)}
[rank0]: recomputed metadata: {'shape': torch.Size([2, 12, 256, 64]), 'dtype': torch.float32, 'device': device(type='cuda', index=0)}
[rank0]: tensor at position 9:
[rank0]: saved metadata: {'shape': torch.Size([2, 12, 128, 64]), 'dtype': torch.float32, 'device': device(type='cuda', index=0)}
[rank0]: recomputed metadata: {'shape': torch.Size([2, 12, 256, 64]), 'dtype': torch.float32, 'device': device(type='cuda', index=0)}

/homes/iws/abatur/.venv/lib64/python3.12/site-packages/torch/utils/checkpoint.py:1399: FutureWarning: `torch.cpu.amp.autocast(args...)` is deprecated. Please use `torch.amp.autocast('cpu', args...)` instead.
  with device_autocast_ctx, torch.cpu.amp.autocast(**cpu_autocast_kwargs), recompute_context:  # type: ignore[attr-defined]
[rank1]: Traceback (most recent call last):
[rank1]:   File "/homes/iws/abatur/cse599o/project/train.py", line 441, in <module>
[rank1]:     main()
[rank1]:   File "/homes/iws/abatur/cse599o/project/train.py", line 430, in main
[rank1]:     avg_time_adaptive, peak_mem_adaptive = benchmark_mode(model_adaptive, input_ids, optimizer_adaptive)
[rank1]:                                            ^^^^^^^^^^^^^^^^^^^^^^^^^^^^^^^^^^^^^^^^^^^^^^^^^^^^^^^^^^^^^
[rank1]:   File "/homes/iws/abatur/cse599o/project/train.py", line 332, in benchmark_mode
[rank1]:     _ = run_step(model, input_ids)
[rank1]:         ^^^^^^^^^^^^^^^^^^^^^^^^^^
[rank1]:   File "/homes/iws/abatur/cse599o/project/train.py", line 299, in run_step
[rank1]:     loss.backward()
[rank1]:   File "/homes/iws/abatur/.venv/lib64/python3.12/site-packages/torch/_tensor.py", line 521, in backward
[rank1]:     torch.autograd.backward(
[rank1]:   File "/homes/iws/abatur/.venv/lib64/python3.12/site-packages/torch/autograd/__init__.py", line 289, in backward
[rank1]:     _engine_run_backward(
[rank1]:   File "/homes/iws/abatur/.venv/lib64/python3.12/site-packages/torch/autograd/graph.py", line 768, in _engine_run_backward
[rank1]:     return Variable._execution_engine.run_backward(  # Calls into the C++ engine to run the backward pass
[rank1]:            ^^^^^^^^^^^^^^^^^^^^^^^^^^^^^^^^^^^^^^^^^^^^^^^^^^^^^^^^^^^^^^^^^^^^^^^^^^^^^^^^^^^^^^^^^^^^^^
[rank1]:   File "/homes/iws/abatur/.venv/lib64/python3.12/site-packages/torch/utils/checkpoint.py", line 1120, in unpack_hook
[rank1]:     frame.check_recomputed_tensors_match(gid)
[rank1]:   File "/homes/iws/abatur/.venv/lib64/python3.12/site-packages/torch/utils/checkpoint.py", line 895, in check_recomputed_tensors_match
[rank1]:     raise CheckpointError(
[rank1]: torch.utils.checkpoint.CheckpointError: torch.utils.checkpoint: Recomputed values for the following tensors have different metadata than during the forward pass.
[rank1]: tensor at position 7:
[rank1]: saved metadata: {'shape': torch.Size([2, 12, 128, 64]), 'dtype': torch.float32, 'device': device(type='cuda', index=1)}
[rank1]: recomputed metadata: {'shape': torch.Size([2, 12, 256, 64]), 'dtype': torch.float32, 'device': device(type='cuda', index=1)}
[rank1]: tensor at position 9:
[rank1]: saved metadata: {'shape': torch.Size([2, 12, 128, 64]), 'dtype': torch.float32, 'device': device(type='cuda', index=1)}
[rank1]: recomputed metadata: {'shape': torch.Size([2, 12, 256, 64]), 'dtype': torch.float32, 'device': device(type='cuda', index=1)}

W1202 17:53:22.119000 140486587550592 torch/distributed/elastic/multiprocessing/api.py:858] Sending process 158093 closing signal SIGTERM
E1202 17:53:22.233000 140486587550592 torch/distributed/elastic/multiprocessing/api.py:833] failed (exitcode: 1) local_rank: 0 (pid: 158092) of binary: /homes/iws/abatur/.venv/bin/python3
Traceback (most recent call last):
  File "/homes/iws/abatur/.venv/bin/torchrun", line 10, in <module>
    sys.exit(main())
             ^^^^^^
  File "/homes/iws/abatur/.venv/lib64/python3.12/site-packages/torch/distributed/elastic/multiprocessing/errors/__init__.py", line 348, in wrapper
    return f(*args, **kwargs)
           ^^^^^^^^^^^^^^^^^^
  File "/homes/iws/abatur/.venv/lib64/python3.12/site-packages/torch/distributed/run.py", line 901, in main
    run(args)
  File "/homes/iws/abatur/.venv/lib64/python3.12/site-packages/torch/distributed/run.py", line 892, in run
    elastic_launch(
  File "/homes/iws/abatur/.venv/lib64/python3.12/site-packages/torch/distributed/launcher/api.py", line 133, in __call__
    return launch_agent(self._config, self._entrypoint, list(args))
           ^^^^^^^^^^^^^^^^^^^^^^^^^^^^^^^^^^^^^^^^^^^^^^^^^^^^^^^^
  File "/homes/iws/abatur/.venv/lib64/python3.12/site-packages/torch/distributed/launcher/api.py", line 264, in launch_agent
    raise ChildFailedError(
torch.distributed.elastic.multiprocessing.errors.ChildFailedError: 
============================================================
/homes/iws/abatur/cse599o/project/train.py FAILED
------------------------------------------------------------
Failures:
  <NO_OTHER_FAILURES>
------------------------------------------------------------
Root Cause (first observed failure):
[0]:
  time      : 2025-12-02_17:53:22
  host      : tempura.cs.washington.edu
  rank      : 0 (local_rank: 0)
  exitcode  : 1 (pid: 158092)
  error_file: <N/A>
  traceback : To enable traceback see: https://pytorch.org/docs/stable/elastic/errors.html
============================================================
