==== Job started at Thu Dec  4 04:43:26 PM PST 2025 ====
Running on host: tempura.cs.washington.edu
CUDA devices: 0
Using Python: /homes/iws/abatur/.venv/bin/python
Memory pressure detected (253MB > 100MB).
SAC Budget: 1000. Prioritizing high-score layers.
Memory pressure detected (270MB > 100MB).
SAC Budget: 1000. Prioritizing high-score layers.
Memory pressure detected (270MB > 100MB).
SAC Budget: 1000. Prioritizing high-score layers.
Memory pressure detected (270MB > 100MB).
SAC Budget: 1000. Prioritizing high-score layers.
Memory pressure detected (270MB > 100MB).
SAC Budget: 1000. Prioritizing high-score layers.

FINAL SAC Decisions: [0, 0, 0, 1, 1, 0, 0, 1, 0, 1, 0, 0]
Layers Checkpointed: 4/12
Remaining Budget: 815
Memory pressure detected (270MB > 100MB).
SAC Budget: 70. Prioritizing high-score layers.
Memory pressure detected (270MB > 100MB).
SAC Budget: 70. Prioritizing high-score layers.
Memory pressure detected (270MB > 100MB).
SAC Budget: 70. Prioritizing high-score layers.
Memory pressure detected (270MB > 100MB).
SAC Budget: 70. Prioritizing high-score layers.
Memory pressure detected (270MB > 100MB).
SAC Budget: 70. Prioritizing high-score layers.

FINAL SAC Decisions: [0, 0, 0, 1, 1, 0, 0, 0, 0, 0, 0, 0]
Layers Checkpointed: 2/12
Remaining Budget: 0

Saved fsdp_sac_results.png
==== Job finished at Thu Dec  4 04:43:35 PM PST 2025 ====
