==== Job started at Tue Dec  2 05:45:31 PM PST 2025 ====
Running on host: tempura.cs.washington.edu
CUDA devices: 0,7
Using Python: /homes/iws/abatur/.venv/bin/python
Python 3.12.9
Launching torchrun...
[Rank 0] World size: 2, device: cuda:0
[Rank 0] Transformer block type: <class 'transformers.models.gpt2.modeling_gpt2.GPT2Block'>

[Profiling Activations Under FSDP]
Layer 00: act=0.750 MB, time=51.381 ms
Layer 01: act=0.750 MB, time=0.915 ms
Layer 02: act=0.750 MB, time=0.744 ms
Layer 03: act=0.750 MB, time=0.743 ms
Layer 04: act=0.750 MB, time=0.723 ms
Layer 05: act=0.750 MB, time=0.746 ms
Layer 06: act=0.750 MB, time=0.772 ms
Layer 07: act=0.750 MB, time=0.785 ms
Layer 08: act=0.750 MB, time=0.763 ms
Layer 09: act=0.750 MB, time=0.805 ms
Layer 10: act=0.750 MB, time=0.799 ms
Layer 11: act=0.750 MB, time=0.762 ms
Layer 12: act=0.750 MB, time=0.791 ms
Layer 13: act=0.750 MB, time=0.751 ms
Layer 14: act=0.750 MB, time=0.746 ms
Layer 15: act=0.750 MB, time=0.728 ms
Layer 16: act=0.750 MB, time=0.821 ms
Layer 17: act=0.750 MB, time=0.851 ms
Layer 18: act=0.750 MB, time=0.828 ms
Layer 19: act=0.750 MB, time=0.817 ms
Layer 20: act=0.750 MB, time=0.821 ms
Layer 21: act=0.750 MB, time=0.819 ms
Layer 22: act=0.750 MB, time=0.839 ms
Layer 23: act=0.750 MB, time=0.752 ms

[Adaptive Scheduler Debug]
Baseline activation: 18.000 MB
Target activation:   12.600 MB
Estimated final:     12.000 MB

Unit scores (memory MB, compute ms, score):
  U3: layers[12-15] mem_saved=1.500 MB  comp_cost=15.081 ms  score=1572848.919
  U1: layers[4-7] mem_saved=1.500 MB  comp_cost=15.134 ms  score=1572848.866
  U2: layers[8-11] mem_saved=1.500 MB  comp_cost=15.651 ms  score=1572848.349
  U5: layers[20-23] mem_saved=1.500 MB  comp_cost=16.152 ms  score=1572847.848
  U4: layers[16-19] mem_saved=1.500 MB  comp_cost=16.586 ms  score=1572847.414
  U0: layers[0-3] mem_saved=1.500 MB  comp_cost=268.914 ms  score=1572595.086
Chosen units:
  Unit 3: layers[12-15]
  Unit 1: layers[4-7]
  Unit 2: layers[8-11]
  Unit 5: layers[20-23]
Adaptive checkpoint boundaries: [7, 11, 15, 23]

[Rank 0] Checkpoint boundaries (toy): [3, 7, 11, 15, 19, 23]
[Rank 0] Mode=No-CP           avg_step_time=0.150757 sec peak_mem=1938.63 MB
[Rank 0] Mode=Uniform-CP      avg_step_time=0.169291 sec peak_mem=2674.21 MB
[Rank 0] Mode=ToyBoundary-CP  avg_step_time=0.151425 sec peak_mem=2756.49 MB
[Rank 0] Mode=Adaptive-CP     avg_step_time=0.149190 sec peak_mem=2797.77 MB

[Rank 0] Summary (Time + Memory):
  No-CP          : 0.150757 sec, 1938.63 MB
  Uniform-CP     : 0.169291 sec, 2674.21 MB
  ToyBoundary-CP : 0.151425 sec, 2756.49 MB
  Adaptive-CP    : 0.149190 sec, 2797.77 MB
==== Job finished at Tue Dec  2 05:45:48 PM PST 2025 ====
